
> web@1.0.0 build
> NODE_OPTIONS='--require=../../scripts/suppress-baseline-warning.cjs' next build

   ▲ Next.js 16.0.1 (Turbopack)
   - Environments: .env.local

   Creating an optimized production build ...
 ✓ Compiled successfully in 5.8s
   Running TypeScript ...
   Collecting page data ...
   Generating static pages (0/7) ...
   Generating static pages (1/7) 
   Generating static pages (3/7) 
   Generating static pages (5/7) 
 ✓ Generating static pages (7/7) in 1386.5ms
   Finalizing page optimization ...

Route (app)
┌ ○ /
├ ○ /_not-found
├ ƒ /api/search
├ ○ /color-lab
├ ƒ /wiki
└ ƒ /wiki/[slug]


○  (Static)   prerendered as static content
ƒ  (Dynamic)  server-rendered on demand

